0000000000000000 b _TLS_MODULE_BASE_
0000000000000000 T __code_start
0000000000000000 0000000000000401 B __nx_dev_path_buf
0000000000000000 A __start__
0000000000000000 T _start
0000000000000080 t startup
00000000000000a4 t bssclr_start
00000000000000cc t bss_loop
0000000000000120 T __nx_exit
0000000000000130 T __nx_mod0
0000000000000158 T _init
00000000000001c0 0000000000000038 T exit
0000000000000200 0000000000000128 T main
0000000000000330 t deregister_tm_clones
0000000000000360 t register_tm_clones
00000000000003a0 t __do_global_dtors_aux
00000000000003f0 t frame_dummy
0000000000000404 0000000000000004 b fsdev_last_result
0000000000000408 0000000000000004 b g_fsPriority
0000000000000430 0000000000000064 t GpuRenderer_flushAndSwap
00000000000004a0 000000000000009c t GpuRenderer_drawChar
0000000000000540 0000000000000090 t GpuRenderer_scrollWindow
00000000000005d0 000000000000007c t GpuRenderer_deinit
0000000000000650 00000000000000b4 t GpuRenderer_loadShader
0000000000000710 000000000000085c t GpuRenderer_init
0000000000000f70 000000000000000c T getDefaultConsoleRenderer
0000000000000f80 0000000000000024 T userAppInit
0000000000000fb0 000000000000000c T userAppExit
0000000000000fc0 00000000000000fc T dk::detail::Queue::waitFenceRing(bool)
00000000000010c0 0000000000000148 T dk::detail::Queue::addCmdMemory(unsigned long)
0000000000001210 000000000000008c T dk::detail::Queue::appendGpfifoEntries(dk::detail::CtrlCmdGpfifoEntry const*, unsigned int)
00000000000012a0 0000000000000004 W dk::detail::Queue::_gpfifoFlushFunc(void*, dk::detail::CtrlCmdGpfifoEntry const*, unsigned int)
00000000000012b0 0000000000000184 T dk::detail::Queue::waitFence(dk::detail::Fence&)
0000000000001440 000000000000018c T dk::detail::Queue::signalFence(dk::detail::Fence&, bool)
00000000000015d0 0000000000000138 T dk::detail::Queue::flushRing(bool)
0000000000001710 0000000000000220 T dk::detail::Queue::flush()
0000000000001930 00000000000000cc T dk::detail::Queue::onCmdBufAddMem(unsigned long)
0000000000001a00 0000000000000008 W dk::detail::Queue::_addMemFunc(void*, dk::detail::CmdBuf*, unsigned long)
0000000000001a10 0000000000000050 T dk::detail::Queue::waitIdle()
0000000000001a60 0000000000000064 T dk::detail::Queue::~Queue()
0000000000001a60 0000000000000064 T dk::detail::Queue::~Queue()
0000000000001ad0 000000000000002c T dkQueueDestroy
0000000000001b00 0000000000000004 T dkQueueSignalFence
0000000000001b10 0000000000000004 T dkQueueFlush
0000000000001b20 0000000000000004 T dkQueueWaitIdle
0000000000001b30 0000000000000004 W dk::detail::ComputeQueue::initialize()
0000000000001b40 00000000000001a0 T dk::detail::Queue::initialize()
0000000000001ce0 00000000000001f4 T dkQueueCreate
0000000000001ee0 0000000000000054 W dk::detail::ComputeQueue::processCtrlCmd(dk::detail::CtrlCmdHeader const*)
0000000000001f40 00000000000001b0 T dk::detail::Queue::submitCommands(unsigned long)
0000000000001f40 00000000000001b0 t dk::detail::Queue::submitCommands(unsigned long) [clone .localalias]
00000000000020f0 0000000000000020 T dkQueueSubmitCommands
0000000000002110 0000000000000254 T dk::detail::ImageLayout::calcLevelOffset(unsigned int) const
0000000000002370 00000000000003c4 T dk::detail::ImageInfo::fromImageView(DkImageView const*, unsigned int)
0000000000002740 0000000000000424 T dkImageLayoutInitialize
0000000000002b70 0000000000000008 T dkImageLayoutGetSize
0000000000002b80 0000000000000008 T dkImageLayoutGetAlignment
0000000000002b90 000000000000006c T dkImageInitialize
0000000000002c00 00000000000002b8 T dkCmdBufCopyBufferToImage
0000000000002ec0 0000000000000008 t (anonymous namespace)::defaultFreeFunc(void*, void*)
0000000000002ed0 0000000000000048 t (anonymous namespace)::defaultAllocFunc(void*, unsigned long, unsigned long, void**)
0000000000002f20 00000000000000cc T dk::detail::Device::initialize()
0000000000002ff0 0000000000000054 T dk::detail::Device::~Device()
0000000000002ff0 0000000000000054 T dk::detail::Device::~Device()
0000000000003050 00000000000000a8 T dk::detail::Device::reserveQueueId()
0000000000003100 000000000000005c T dk::detail::Device::returnQueueId(unsigned int)
0000000000003160 0000000000000014 T dk::detail::Device::freeMem(void*) const
0000000000003180 0000000000000030 T dkDeviceDestroy
00000000000031b0 0000000000000018 T dk::detail::RaiseError(DkResult)
00000000000031d0 0000000000000040 T dk::detail::Device::allocMem(unsigned long, unsigned long) const
0000000000003210 0000000000000014 T dk::detail::ObjBase::operator new(unsigned long, dk::detail::Device*)
0000000000003230 0000000000000168 T dkDeviceCreate
00000000000033a0 0000000000000008 T dk::detail::ObjBase::allocMem(unsigned long, unsigned long) const
00000000000033b0 0000000000000008 T dk::detail::ObjBase::freeMem(void*) const
00000000000033c0 0000000000000008 T dk::detail::ObjBase::operator delete(void*)
00000000000033d0 00000000000004b4 T dkCmdBufBindShaders
0000000000003890 00000000000001cc T dkCmdBufBindUniformBuffers
0000000000003a60 0000000000000180 T dkCmdBufBindTextures
0000000000003be0 00000000000001e8 T dk::detail::Swapchain::initialize(void*, dk::detail::Image const* const*, unsigned int)
0000000000003dd0 0000000000000010 T dk::detail::Swapchain::~Swapchain()
0000000000003dd0 0000000000000010 T dk::detail::Swapchain::~Swapchain()
0000000000003de0 000000000000002c T dk::detail::Swapchain::acquireImage(int&, dk::detail::Fence&)
0000000000003e10 0000000000000050 T dk::detail::Swapchain::presentImage(int, dk::detail::Fence const&)
0000000000003e60 00000000000000a0 T dkSwapchainCreate
0000000000003f00 000000000000002c T dkSwapchainDestroy
0000000000003f30 0000000000000054 T dkQueueAcquireImage
0000000000003f90 0000000000000084 T dkQueuePresentImage
0000000000004020 0000000000000168 T dk::detail::Fence::wait(int)
0000000000004190 000000000000002c T dkFenceWait
00000000000041c0 0000000000000078 T dk::detail::CodeSegMgr::initialize()
0000000000004240 0000000000000078 T dk::detail::CodeSegMgr::cleanup()
00000000000042c0 0000000000000118 T dk::detail::CodeSegMgr::allocSpace(unsigned int, unsigned long&)
00000000000043e0 0000000000000028 T dk::detail::CodeSegMgr::freeSpace(unsigned long, unsigned int)
0000000000004410 0000000000000120 T dkShaderInitialize
0000000000004530 0000000000000104 T dk::detail::QueueWorkBuf::QueueWorkBuf(DkQueueMaker const&)
0000000000004530 0000000000000104 T dk::detail::QueueWorkBuf::QueueWorkBuf(DkQueueMaker const&)
0000000000004640 0000000000000230 T dk::detail::MemBlock::initialize(unsigned int, void*, unsigned int)
0000000000004870 00000000000000c0 T dk::detail::MemBlock::destroy()
0000000000004930 0000000000000084 T dk::detail::MemBlock::getGpuAddrForImage(unsigned int, unsigned int, NvKind)
00000000000049c0 000000000000009c T dkMemBlockCreate
0000000000004a60 000000000000002c T dkMemBlockDestroy
0000000000004a90 000000000000001c T dkMemBlockGetCpuAddr
0000000000004ab0 0000000000000008 T dkMemBlockGetGpuAddr
0000000000004ac0 0000000000000098 T dk::detail::Queue::checkError()
0000000000004b60 0000000000000054 T dk::detail::Device::checkQueueErrors()
0000000000004bc0 0000000000000034 T dk::detail::CmdBuf::clear()
0000000000004c00 0000000000000048 T dk::detail::CmdBuf::~CmdBuf()
0000000000004c00 0000000000000048 T dk::detail::CmdBuf::~CmdBuf()
0000000000004c50 0000000000000068 T dk::detail::CmdBuf::requestCmdMem(unsigned int)
0000000000004cc0 00000000000000fc T dk::detail::CmdBuf::appendCtrlCmd(unsigned long)
0000000000004dc0 0000000000000154 T dk::detail::CmdBuf::appendRawGpfifoEntry(unsigned long, unsigned int, unsigned int)
0000000000004f20 0000000000000080 T dk::detail::CmdBuf::finishList()
0000000000004fa0 0000000000000090 T dk::detail::CmdBuf::addMemory(dk::detail::MemBlock*, unsigned int, unsigned int)
0000000000005030 000000000000005c T dkCmdBufCreate
0000000000005090 000000000000002c T dkCmdBufDestroy
00000000000050c0 0000000000000004 T dkCmdBufAddMemory
00000000000050d0 0000000000000004 T dkCmdBufFinishList
00000000000050e0 0000000000000004 T dkCmdBufClear
00000000000050f0 00000000000001d0 T maxwell::pickImageMemoryKind(maxwell::FormatTraits const&, unsigned int, bool, bool)
00000000000052c0 00000000000009b0 T dk::detail::Queue::setup3DEngine()
0000000000005c70 0000000000000378 T dkCmdBufBindRenderTargets
0000000000005ff0 0000000000000170 T dkCmdBufSetViewports
0000000000006160 00000000000002dc T dkCmdBufSetScissors
0000000000006440 0000000000000150 T dk::detail::Queue::decompressSurface(dk::detail::Image const*)
0000000000006590 00000000000000c8 T dkCmdBufClearColor
0000000000006660 000000000000008c T dkCmdBufDraw
00000000000066f0 00000000000001fc T dkCmdBufBindRasterizerState
00000000000068f0 00000000000000e8 T dkCmdBufBindColorState
00000000000069e0 0000000000000074 T dkCmdBufBindColorWriteState
0000000000006a60 0000000000000060 T dkCmdBufSetAlphaRef
0000000000006ac0 0000000000000114 T dkCmdBufBindVtxAttribState
0000000000006be0 000000000000016c T dkCmdBufBindVtxBufferState
0000000000006d50 0000000000000104 T dkCmdBufBindVtxBuffers
0000000000006e60 0000000000000030 T dk::detail::Queue::setupTransfer()
0000000000006e90 00000000000002b8 T dk::detail::BlitCopyEngine(dk::detail::CmdBuf*, dk::detail::ImageInfo const&, dk::detail::ImageInfo const&, dk::detail::BlitParams const&, unsigned int, unsigned int)
0000000000007150 00000000000002bc T dk::detail::Blit2DEngine(dk::detail::CmdBuf*, dk::detail::ImageInfo const&, dk::detail::ImageInfo const&, dk::detail::BlitParams const&, int, int, unsigned int, unsigned int)
0000000000007410 00000000000000c4 T dkCmdBufPushData
00000000000074e0 0000000000000680 T dk::detail::Queue::setupEngines()
0000000000007b60 00000000000001f4 T dkCmdBufBarrier
0000000000007d60 0000000000000138 T dk::detail::Queue::postSubmitFlush()
0000000000007ea0 000000000000007c T dkCmdBufBindImageDescriptorSet
0000000000007f20 000000000000007c T dkCmdBufBindSamplerDescriptorSet
0000000000007fa0 00000000000000d4 T dkCmdBufPushConstants
0000000000008080 000000000000060c T dkImageDescriptorInitialize
0000000000008690 00000000000004d4 T dkSamplerDescriptorInitialize
0000000000008b70 0000000000000068 T dk::detail::Device::calcZcullStorageInfo(dk::detail::ZcullStorageInfo&, unsigned int, unsigned int, unsigned int, DkImageFormat, DkMsMode)
0000000000008be0 00000000000000b0 T mutexLock
0000000000008c90 000000000000002c T mutexUnlock
0000000000008cc0 000000000000004c T rmutexLock
0000000000008d10 000000000000001c T rmutexUnlock
0000000000008d30 00000000000000d4 t _hidCmdWithNoInput
0000000000008e10 00000000000000e4 t _hidCmdWithInputU32
0000000000008f00 00000000000000e0 t _hidCmdWithInputU64.constprop.0
0000000000008fe0 00000000000000fc t _hidCreateAppletResource.constprop.0
00000000000090e0 00000000000000c8 t _hidCmdGetHandle.constprop.0
00000000000091b0 0000000000000224 T hidReset
00000000000093e0 000000000000000c T hidGetSharedmemAddr
00000000000093f0 000000000000006c T hidKeysDown
0000000000009460 000000000000000c T hidTouchCount
0000000000009470 00000000000005ac T hidScanInput
0000000000009a20 0000000000000008 T hidSetSupportedNpadStyleSet
0000000000009a30 0000000000000180 T hidSetSupportedNpadIdType
0000000000009bb0 0000000000000008 T hidSetNpadJoyHoldType
0000000000009bc0 0000000000000020 T hidSetNpadJoyAssignmentModeDual
0000000000009be0 0000000000000080 T hidFinalizeSevenSixAxisSensor
0000000000009c60 000000000000012c t _hidCleanup
0000000000009d90 00000000000001c4 T hidInitialize
0000000000009f60 0000000000000044 T hidExit
0000000000009fb0 0000000000000068 t _smCleanup
000000000000a020 0000000000000048 T smAddOverrideHandle
000000000000a070 0000000000000054 T smGetServiceOverride
000000000000a0d0 0000000000000044 T smExit
000000000000a120 00000000000000d0 T smGetServiceOriginal
000000000000a1f0 0000000000000280 T smInitialize
000000000000a470 0000000000000120 T smGetServiceWrapper
000000000000a590 00000000000000cc t _nvSetClientPID
000000000000a660 00000000000000d0 t _nvCleanup
000000000000a730 00000000000000d4 t _nvCmdInitialize.constprop.0
000000000000a810 000000000000023c T nvInitialize
000000000000aa50 0000000000000044 T nvExit
000000000000aaa0 0000000000000140 T nvConvertError
000000000000abe0 0000000000000114 T nvOpen
000000000000ad00 0000000000000250 T nvIoctl
000000000000af50 00000000000002c0 T nvIoctl2
000000000000b210 00000000000000d8 T nvClose
000000000000b2f0 0000000000000108 T nvQueryEvent
000000000000b400 0000000000000198 t _fatalCmd
000000000000b5a0 000000000000000c T fatalThrowWithPolicy
000000000000b5b0 0000000000000014 T fatalSimple
000000000000b5b0 0000000000000014 T fatalThrow
000000000000b5d0 0000000000000024 t _appletInfiniteSleepLoop
000000000000b600 00000000000000f0 t _appletCmdGetSession
000000000000b6f0 00000000000000cc t _appletCmdInU8NoOut
000000000000b7c0 0000000000000110 t _appletGetLaunchReason
000000000000b8d0 00000000000000e4 t _appletSetFocusHandlingMode
000000000000b9c0 00000000000000cc t _appletCmdInU32NoOut
000000000000ba90 0000000000000118 t _appletGetSessionProxy.constprop.0
000000000000bbb0 0000000000000134 t _appletOpenLibraryAppletProxy.constprop.0
000000000000bcf0 00000000000000d0 t _appletCmdGetHandle.constprop.0.isra.0
000000000000bdc0 00000000000000d4 t _appletCmdNoInOutU8.isra.0
000000000000bea0 00000000000000d4 t _appletCmdNoInOutU32.isra.0
000000000000bf80 00000000000000d4 t _appletCmdNoInOutU64.isra.0
000000000000c060 00000000000000c0 t _appletCmdNoIO.isra.0
000000000000c120 0000000000000010 T appletGetAppletType
000000000000c130 0000000000000118 T appletSetFocusHandlingMode
000000000000c250 000000000000005c T appletSetCpuBoostMode
000000000000c2b0 000000000000002c T appletCreateManagedDisplayLayer
000000000000c2e0 000000000000000c T appletGetAppletResourceUserId
000000000000c2f0 00000000000000f8 t _appletGetIndirectLayerConsumerHandle
000000000000c3f0 0000000000000088 t _appletHolderCreateState
000000000000c480 00000000000000b4 T appletHolderClose
000000000000c540 0000000000000024 T appletHolderGetLibraryAppletInfo
000000000000c570 0000000000000090 T appletNotifyRunning
000000000000c600 000000000000008c T appletSetGamePlayRecordingState
000000000000c690 0000000000000ac4 t _appletCleanup
000000000000d160 0000000000000044 T appletExit
000000000000d1b0 0000000000000040 T appletGetLibraryAppletInfo
000000000000d1f0 0000000000000a28 T appletInitialize
000000000000dc20 0000000000000024 t _appletExitProcess
000000000000dc50 0000000000000074 T appletGetMessage
000000000000dcd0 0000000000000248 T appletProcessMessage
000000000000df20 0000000000000034 T appletMainLoop
000000000000df60 0000000000000044 T nvAddressSpaceClose
000000000000dfb0 0000000000000088 T nvAddressSpaceCreate
000000000000e040 000000000000002c T nvAddressSpaceAlloc
000000000000e070 0000000000000028 T nvAddressSpaceFree
000000000000e0a0 000000000000004c T nvAddressSpaceMap
000000000000e0f0 0000000000000064 T nvAddressSpaceMapFixed
000000000000e160 0000000000000070 T nvAddressSpaceModify
000000000000e1d0 0000000000000008 T nvAddressSpaceUnmap
000000000000e1e0 000000000000007c t _nvFenceCleanup
000000000000e260 0000000000000098 T nvFenceInit
000000000000e300 0000000000000044 T nvFenceExit
000000000000e350 0000000000000250 T nvFenceWait
000000000000e5a0 0000000000000074 T nvMultiFenceWait
000000000000e620 0000000000000064 T nvGpuChannelClose
000000000000e690 000000000000011c T nvGpuChannelCreate
000000000000e7b0 000000000000000c T nvGpuChannelZcullBind
000000000000e7c0 00000000000000f8 T nvGpuChannelKickoff
000000000000e8c0 00000000000000b8 T nvGpuChannelAppendEntry
000000000000e980 0000000000000044 T nvGpuChannelGetErrorNotification
000000000000e9d0 0000000000000008 T nvGpuChannelGetErrorInfo
000000000000e9e0 000000000000011c T nvGpuInit
000000000000eb00 000000000000006c T nvGpuExit
000000000000eb70 000000000000000c T nvGpuGetCharacteristics
000000000000eb80 000000000000000c T nvGpuGetZcullCtxSize
000000000000eb90 000000000000000c T nvGpuGetZcullInfo
000000000000eba0 0000000000000044 T nvChannelClose
000000000000ebf0 0000000000000070 T nvChannelCreate
000000000000ec60 0000000000000008 T nvChannelSetPriority
000000000000ec70 00000000000000b4 T nvMapInit
000000000000ed30 000000000000006c T nvMapExit
000000000000eda0 000000000000000c T nvMapGetFd
000000000000edb0 0000000000000080 T nvMapClose
000000000000ee30 0000000000000160 T nvMapCreate
000000000000ef90 0000000000000028 T nvioctlNvhostCtrl_EventSignal
000000000000efc0 0000000000000044 T nvioctlNvhostCtrl_EventWait
000000000000f010 0000000000000030 T nvioctlNvhostCtrl_EventWaitAsync
000000000000f040 0000000000000028 T nvioctlNvhostCtrl_EventRegister
000000000000f070 0000000000000028 T nvioctlNvhostCtrl_EventUnregister
000000000000f0a0 000000000000003c T nvioctlNvhostCtrlGpu_ZCullGetCtxSize
000000000000f0e0 0000000000000058 T nvioctlNvhostCtrlGpu_ZCullGetInfo
000000000000f140 000000000000009c T nvioctlNvhostCtrlGpu_GetCharacteristics
000000000000f1e0 0000000000000078 T nvioctlNvhostCtrlGpu_GetTpcMasks
000000000000f260 0000000000000028 T nvioctlNvhostAsGpu_BindChannel
000000000000f290 0000000000000054 T nvioctlNvhostAsGpu_AllocSpace
000000000000f2f0 0000000000000030 T nvioctlNvhostAsGpu_FreeSpace
000000000000f320 0000000000000054 T nvioctlNvhostAsGpu_MapBufferEx
000000000000f380 0000000000000028 T nvioctlNvhostAsGpu_UnmapBuffer
000000000000f3b0 000000000000003c T nvioctlNvhostAsGpu_InitializeEx
000000000000f3f0 0000000000000028 T nvioctlChannel_SetNvmapFd
000000000000f420 00000000000000c4 T nvioctlChannel_SubmitGpfifo
000000000000f4f0 000000000000005c T nvioctlChannel_KickoffPb
000000000000f550 0000000000000058 T nvioctlChannel_AllocObjCtx
000000000000f5b0 0000000000000030 T nvioctlChannel_ZCullBind
000000000000f5e0 0000000000000030 T nvioctlChannel_SetErrorNotifier
000000000000f610 0000000000000010 T nvioctlChannel_GetErrorInfo
000000000000f620 0000000000000010 T nvioctlChannel_GetErrorNotification
000000000000f630 0000000000000028 T nvioctlChannel_SetPriority
000000000000f660 0000000000000058 T nvioctlChannel_AllocGpfifoEx2
000000000000f6c0 0000000000000040 T nvioctlNvmap_Create
000000000000f700 0000000000000040 T nvioctlNvmap_Alloc
000000000000f740 0000000000000030 T nvioctlNvmap_Free
000000000000f770 0000000000000040 T nvioctlNvmap_GetId
000000000000f7b0 000000000000000c T nwindowGetDefault
000000000000f7c0 00000000000000c0 T __nx_win_init
000000000000f880 0000000000000034 T __nx_win_exit
000000000000f8c0 0000000000000024 T nwindowIsValid
000000000000f8f0 000000000000008c T nwindowClose
000000000000f980 00000000000000f8 T nwindowCreate
000000000000fa80 0000000000000034 T nwindowCreateFromLayer
000000000000fac0 0000000000000088 T nwindowSetDimensions
000000000000fb50 0000000000000058 T nwindowSetTransform
000000000000fbb0 0000000000000190 T nwindowConfigureBuffer
000000000000fd40 00000000000001dc T nwindowDequeueBuffer
000000000000ff20 0000000000000144 T nwindowQueueBuffer
0000000000010070 0000000000000098 T nwindowReleaseBuffers
0000000000010110 0000000000000010 T hosversionGet
0000000000010120 0000000000000010 T hosversionSet
0000000000010130 0000000000000234 T envSetup
0000000000010370 0000000000000020 T envGetMainThreadHandle
0000000000010390 000000000000000c T envIsNso
00000000000103a0 0000000000000014 T envHasHeapOverride
00000000000103c0 000000000000000c T envGetHeapOverrideAddr
00000000000103d0 000000000000000c T envGetHeapOverrideSize
00000000000103e0 0000000000000014 T envHasArgv
0000000000010400 000000000000000c T envGetArgv
0000000000010410 000000000000000c T envGetExitFuncPtr
0000000000010420 000000000000000c T envSetExitFuncPtr
0000000000010430 0000000000000008 t romfs_close
0000000000010440 0000000000000080 t romfs_seek
00000000000104c0 000000000000001c t romfs_dirreset
00000000000104e0 0000000000000074 t romfs_fstat
0000000000010560 00000000000002bc t romfs_dirnext
0000000000010820 0000000000000128 t searchForDir
0000000000010950 0000000000000164 t _romfs_read_safe
0000000000010ac0 00000000000000b4 t _romfs_read
0000000000010b80 0000000000000084 t romfs_read
0000000000010c10 0000000000000078 t romfs_free
0000000000010c90 0000000000000200 t navigateToDir.constprop.0
0000000000010e90 0000000000000054 t romfs_chdir
0000000000010ef0 0000000000000084 t romfs_diropen
0000000000010f80 0000000000000128 t searchForFile.constprop.0
00000000000110b0 00000000000000f4 t romfs_open
00000000000111b0 000000000000027c t romfs_stat
0000000000011430 0000000000000008 t romfs_dirclose
0000000000011440 0000000000000100 t romfsFindMount
0000000000011540 00000000000001bc t romfsMountCommon
0000000000011700 0000000000000068 T romfsMountFromFile
0000000000011770 0000000000000070 T romfsMountFromStorage
00000000000117e0 0000000000000038 T romfsMountFromCurrentProcess
0000000000011820 00000000000001ac T romfsMountSelf
00000000000119d0 00000000000000ac T romfsUnmount
0000000000011a80 0000000000000048 t consoleDrawChar
0000000000011ad0 00000000000000b0 t consoleNewRow
0000000000011b80 0000000000000c4c t con_write
00000000000127d0 0000000000000170 T consoleInit
0000000000012940 0000000000000048 T consoleExit
0000000000012990 000000000000002c T consoleUpdate
00000000000129c0 0000000000000014 t fsdev_link
00000000000129e0 0000000000000014 t fsdev_dirreset
0000000000012a00 0000000000000014 t fsdev_chmod
0000000000012a20 0000000000000018 t error_cmp
0000000000012a40 0000000000000020 t fsdev_dirclose
0000000000012a60 000000000000001c t fsdev_close
0000000000012a80 0000000000000080 t fsdev_converttimetoutc
0000000000012b00 00000000000000b8 t fsdevFindDevice.part.0
0000000000012bc0 00000000000001e0 t fsdev_fixpath
0000000000012da0 00000000000000a0 t _fsdevUnmountDeviceStruct.part.0
0000000000012e40 0000000000000014 t fsdev_fchmod
0000000000012e60 0000000000000108 t fsdev_diropen
0000000000012f70 000000000000007c t fsdev_fsync
0000000000012ff0 0000000000000110 t fsdev_fstat
0000000000013100 0000000000000094 t fsdev_ftruncate
00000000000131a0 000000000000020c t fsdev_stat
00000000000133b0 0000000000000158 t fsdev_rename
0000000000013510 000000000000014c t fsdev_chdir
0000000000013660 00000000000000ac t fsdev_mkdir
0000000000013710 00000000000000ac t fsdev_rmdir
00000000000137c0 00000000000000ac t fsdev_unlink
0000000000013870 0000000000000104 t fsdev_statvfs
0000000000013980 000000000000013c t fsdev_write_safe
0000000000013ac0 000000000000013c t fsdev_read_safe
0000000000013c00 0000000000000100 t fsdev_read
0000000000013d00 00000000000001bc t fsdev_dirnext
0000000000013ec0 0000000000000120 t fsdev_write
0000000000013fe0 00000000000000e4 t fsdev_seek
00000000000140d0 0000000000000244 t fsdev_open
0000000000014320 0000000000000218 T fsdevMountDevice
0000000000014540 0000000000000048 T fsdevMountSdmc
0000000000014590 00000000000000cc T __libnx_init_cwd
0000000000014660 0000000000000064 T fsdevUnmountAll
00000000000146d0 0000000000000084 T fsdevTranslatePath
0000000000014760 000000000000012c T decode_utf8
000000000001488c T armDCacheFlush
00000000000148b0 t armDCacheFlush_L0
00000000000148c8 T svcSetHeapSize
00000000000148dc T svcSetMemoryAttribute
00000000000148e4 T svcUnmapMemory
00000000000148ec T svcQueryMemory
0000000000014900 T svcExitProcess
0000000000014908 T svcSleepThread
0000000000014910 T svcMapSharedMemory
0000000000014918 T svcUnmapSharedMemory
0000000000014920 T svcCreateTransferMemory
0000000000014934 T svcCloseHandle
000000000001493c T svcResetSignal
0000000000014944 T svcWaitSynchronization
0000000000014958 T svcArbitrateLock
0000000000014960 T svcArbitrateUnlock
0000000000014968 T svcWaitProcessWideKeyAtomic
0000000000014970 T svcSignalProcessWideKey
0000000000014978 T svcConnectToNamedPort
000000000001498c T svcSendSyncRequest
0000000000014994 T svcBreak
000000000001499c T svcReturnFromException
00000000000149a4 T svcGetInfo
00000000000149b8 T svcUnmapTransferMemory
00000000000149c0 T __aarch64_read_tp
00000000000149d0 000000000000017c T detectKernelVersion
0000000000014b50 0000000000000030 T detectDebugger
0000000000014b80 00000000000000a8 T tmemCreate
0000000000014c30 0000000000000058 T tmemUnmap
0000000000014c90 0000000000000068 T tmemClose
0000000000014d00 000000000000045c T waitObjects
0000000000015160 0000000000000098 T rwlockReadLock
0000000000015200 00000000000000b4 T rwlockReadUnlock
00000000000152c0 00000000000000a4 T rwlockWriteLock
0000000000015370 0000000000000078 T rwlockWriteUnlock
00000000000153f0 0000000000000014 T shmemLoadRemote
0000000000015410 0000000000000084 T shmemMap
00000000000154a0 0000000000000058 T shmemUnmap
0000000000015500 0000000000000044 T shmemClose
0000000000015550 0000000000000064 t _GetRegionFromInfo
00000000000155c0 0000000000000104 T virtmemSetup
00000000000156d0 000000000000010c T virtmemReserve
00000000000157e0 0000000000000004 T virtmemFree
00000000000157f0 000000000000000c T eventLoadRemote
0000000000015800 0000000000000038 T eventWait
0000000000015840 0000000000000050 T eventClose
0000000000015890 0000000000000060 T condvarWaitTimeout
00000000000158f0 0000000000000228 t _timeCleanup
0000000000015b20 00000000000000c8 t _timeCmdNoInOutU64.constprop.0
0000000000015bf0 00000000000000e8 t _timeCmdGetSession.constprop.0
0000000000015ce0 00000000000000cc t _timeGetSharedMemoryNativeHandle.constprop.0
0000000000015db0 0000000000000114 t _timeReadClockFromSharedMem
0000000000015ed0 0000000000000238 T timeInitialize
0000000000016110 0000000000000044 T timeExit
0000000000016160 0000000000000038 T timeGetServiceSession_SystemClock
00000000000161a0 000000000000005c T timeGetCurrentTime
0000000000016200 0000000000000118 T timeToCalendarTimeWithMyRule
0000000000016320 0000000000000104 T timeToPosixTimeWithMyRule
0000000000016430 00000000000001dc t _viCleanup
0000000000016610 00000000000000e8 t _viCmdGetSessionNoParams.constprop.0
0000000000016700 00000000000000e4 t _viCmdGetSession.constprop.0
00000000000167f0 000000000000025c T viInitialize
0000000000016a50 0000000000000044 T viExit
0000000000016aa0 000000000000000c T viGetSession_IHOSBinderDriverRelay
0000000000016ab0 0000000000000120 T viOpenDisplay
0000000000016bd0 00000000000000f8 T viCloseDisplay
0000000000016cd0 00000000000000fc T viCloseLayer
0000000000016dd0 00000000000003c4 T viCreateLayer
00000000000171a0 00000000000000d8 T viSetLayerScalingMode
0000000000017280 00000000000000c0 t _apmCleanup
0000000000017340 00000000000000e0 t _apmCmdGetSession.constprop.0
0000000000017420 00000000000000a0 T apmInitialize
00000000000174c0 0000000000000044 T apmExit
0000000000017510 00000000000000c8 T apmSetPerformanceConfiguration
00000000000175e0 00000000000000b4 t _fsCleanup
00000000000176a0 00000000000001b0 t _fsCmdNoIO
0000000000017850 00000000000001d8 t _fsFsCmdWithInPath
0000000000017a30 00000000000001fc t _fsFsCmdWithTwoInPaths
0000000000017c30 0000000000000230 t _fsFsOpenCommon
0000000000017e60 00000000000001f4 t _fsFsCmdWithInPathAndOutU64
0000000000018060 00000000000000f4 t _fsObjectClose
0000000000018160 0000000000000170 t _fsCmdGetSession.constprop.0
00000000000182d0 0000000000000314 T fsInitialize
00000000000185f0 0000000000000044 T fsExit
0000000000018640 0000000000000008 T fsOpenSdCardFileSystem
0000000000018650 0000000000000008 T fsOpenDataStorageByCurrentProcess
0000000000018660 00000000000001e8 T fsFsCreateFile
0000000000018850 0000000000000008 T fsFsDeleteFile
0000000000018860 0000000000000008 T fsFsCreateDirectory
0000000000018870 0000000000000008 T fsFsDeleteDirectory
0000000000018880 0000000000000008 T fsFsRenameFile
0000000000018890 0000000000000008 T fsFsRenameDirectory
00000000000188a0 00000000000001ec T fsFsGetEntryType
0000000000018a90 0000000000000008 T fsFsOpenFile
0000000000018aa0 0000000000000008 T fsFsOpenDirectory
0000000000018ab0 0000000000000008 T fsFsGetFreeSpace
0000000000018ac0 0000000000000008 T fsFsGetTotalSpace
0000000000018ad0 0000000000000234 T fsFsGetFileTimeStampRaw
0000000000018d10 0000000000000004 T fsFsClose
0000000000018d20 000000000000021c T fsFileRead
0000000000018f40 000000000000020c T fsFileWrite
0000000000019150 0000000000000008 T fsFileFlush
0000000000019160 00000000000001b4 T fsFileSetSize
0000000000019160 00000000000001b4 t fsFileSetSize.localalias
0000000000019320 00000000000001c4 T fsFileGetSize
0000000000019320 00000000000001c4 t fsFileGetSize.localalias
00000000000194f0 0000000000000004 T fsFileClose
0000000000019500 0000000000000004 T fsDirClose
0000000000019510 0000000000000204 T fsDirRead
0000000000019720 00000000000001f0 T fsStorageRead
0000000000019910 0000000000000004 T fsStorageClose
0000000000019920 00000000000000d8 T bqRequestBuffer
0000000000019a00 0000000000000168 T bqDequeueBuffer
0000000000019b70 00000000000000dc T bqQueueBuffer
0000000000019c50 0000000000000094 T bqCancelBuffer
0000000000019cf0 00000000000000e8 T bqConnect
0000000000019de0 000000000000009c T bqDisconnect
0000000000019e80 0000000000000174 T bqSetPreallocatedBuffer
000000000001a000 0000000000000018 T binderCreate
000000000001a020 0000000000000390 T binderTransactParcel
000000000001a3b0 0000000000000124 T binderConvertErrorCode
000000000001a4e0 0000000000000124 T binderAdjustRefcount
000000000001a610 0000000000000098 T binderInitSession
000000000001a6b0 0000000000000068 T binderClose
000000000001a720 0000000000000158 T binderGetNativeHandle
000000000001a880 0000000000000030 T parcelCreate
000000000001a8b0 000000000000019c T parcelTransact
000000000001aa50 0000000000000088 T parcelWriteData
000000000001aae0 0000000000000098 T parcelReadData
000000000001ab80 0000000000000020 T parcelWriteInt32
000000000001aba0 0000000000000020 T parcelWriteUInt32
000000000001abc0 000000000000007c T parcelWriteString16
000000000001ac40 0000000000000030 T parcelWriteInterfaceToken
000000000001ac70 0000000000000024 T parcelReadInt32
000000000001aca0 0000000000000068 T parcelReadFlattenedObject
000000000001ad10 000000000000004c T parcelWriteFlattenedObject
000000000001ad60 00000000000000a0 T __nx_dynamic
000000000001ae00 00000000000000d8 W __libnx_initheap
000000000001aee0 00000000000000ec W __appInit
000000000001afd0 0000000000000044 W __appExit
000000000001b020 000000000000002c W __libnx_init
000000000001b050 0000000000000020 W __libnx_exit
000000000001b070 000000000000001c T __syscall_exit
000000000001b090 0000000000000034 T __syscall_getreent
000000000001b0d0 0000000000000004 T __syscall_lock_acquire
000000000001b0e0 0000000000000004 T __syscall_lock_release
000000000001b0f0 0000000000000004 T __syscall_lock_acquire_recursive
000000000001b100 0000000000000004 T __syscall_lock_release_recursive
000000000001b110 0000000000000228 T __libnx_init_time
000000000001b340 000000000000008c T __syscall_gettod_r
000000000001b3d0 0000000000000084 T newlibSetup
000000000001b460 0000000000000324 T argvSetup
000000000001b784 W __libnx_exception_entry
000000000001b810 t __libnx_exception_entry_start
000000000001b938 t __libnx_exception_entry_abort
000000000001b93c t __libnx_exception_entry_end
000000000001b944 T __libnx_exception_returnentry
000000000001b960 00000000000000ac T __libnx_init_thread
000000000001ba10 0000000000000188 T sessionmgrCreate
000000000001bba0 0000000000000084 T sessionmgrClose
000000000001bc30 00000000000000b0 T sessionmgrAttachClient
000000000001bce0 0000000000000074 T sessionmgrDetachClient
000000000001bd60 00000000000000d4 t _setsysGetFirmwareVersionImpl
000000000001be40 0000000000000068 t _setsysCleanup
000000000001beb0 00000000000000a0 T setsysInitialize
000000000001bf50 0000000000000044 T setsysExit
000000000001bfa0 0000000000000044 T setsysGetFirmwareVersion
000000000001bff0 00000000000000c4 T nxlinkSetup
000000000001c0c0 0000000000000328 T powf
000000000001c3f0 0000000000000034 t with_errnof
000000000001c430 0000000000000018 t xflowf
000000000001c450 0000000000000008 t __math_uflowf
000000000001c460 000000000000000c t __math_may_uflowf
000000000001c470 0000000000000008 t __math_oflowf
000000000001c480 0000000000000020 t __math_divzerof
000000000001c4a0 000000000000001c t __math_invalidf
000000000001c4c0 000000000000003c T aligned_alloc
000000000001c500 00000000000000b8 T bsearch
000000000001c5c0 0000000000000014 T __errno
000000000001c5e0 000000000000015c T _fclose_r
000000000001c740 0000000000000024 T fclose
000000000001c770 0000000000000228 T __sflush_r
000000000001c9a0 00000000000000b8 T _fflush_r
000000000001ca60 0000000000000040 T fflush
000000000001caa0 000000000000000c T _cleanup_r
000000000001cab0 0000000000000060 T __sfmoreglue
000000000001cb10 000000000000000c T __sfp_lock_acquire
000000000001cb20 000000000000000c T __sfp_lock_release
000000000001cb30 000000000000000c T __sinit_lock_acquire
000000000001cb40 000000000000000c T __sinit_lock_release
000000000001cb50 0000000000000154 T __sinit
000000000001ccb0 0000000000000110 T __sfp
000000000001cdc0 0000000000000044 T __libc_fini_array
000000000001ce10 0000000000000130 T _fopen_r
000000000001cf40 000000000000002c T fopen
000000000001cf70 0000000000000300 T _fread_r
000000000001d270 0000000000000044 T fread
000000000001d2c0 0000000000000118 T _malloc_trim_r
000000000001d3e0 00000000000002f0 T _free_r
000000000001d6d0 0000000000000004 T _fseek_r
000000000001d6e0 000000000000003c T fseek
000000000001d720 0000000000000454 T _fseeko_r
000000000001db80 0000000000000004 T _ftell_r
000000000001db90 0000000000000024 T ftell
000000000001dbc0 0000000000000164 T _ftello_r
000000000001dd30 0000000000000098 T _fwalk
000000000001ddd0 00000000000000a4 T _fwalk_reent
000000000001de80 000000000000002c T gmtime
000000000001deb0 000000000000029c T gmtime_r
000000000001e150 000000000000008c T __libc_init_array
000000000001e1e0 00000000000000a4 T __swhatbuf_r
000000000001e290 000000000000010c T __smakebuf_r
000000000001e3a0 000000000000002c T memalign
000000000001e3d0 00000000000001a0 T _memalign_r
000000000001e570 0000000000000024 T malloc
000000000001e5a0 0000000000000024 T free
000000000001e5d0 0000000000000878 T _malloc_r
000000000001ee48 00000000000000d8 T memchr
000000000001ef40 0000000000000110 T memcmp
000000000001f080 000000000000016c T memcpy
000000000001f200 00000000000001dc T memset
000000000001f3e0 000000000000000c T __malloc_lock
000000000001f3f0 000000000000000c T __malloc_unlock
000000000001f400 000000000000008c T printf
000000000001f490 0000000000000028 T putchar
000000000001f4c0 00000000000000e0 T _putc_r
000000000001f5a0 00000000000000d0 T _puts_r
000000000001f670 0000000000000024 T puts
000000000001f6a0 0000000000000020 t lflush
000000000001f6c0 00000000000001d0 T __srefill_r
000000000001f890 0000000000000034 T _rewind_r
000000000001f8d0 0000000000000024 T rewind
000000000001f900 000000000000003c T setenv
000000000001f940 0000000000000268 T _setenv_r
000000000001fbb0 0000000000000278 T setvbuf
000000000001fe30 00000000000000c0 T sscanf
000000000001fef0 0000000000000050 T __sread
000000000001ff40 0000000000000008 T __seofread
000000000001ff50 000000000000006c T __swrite
000000000001ffc0 0000000000000050 T __sseek
0000000000020010 0000000000000008 T __sclose
0000000000020018 00000000000000dc T strchr
0000000000020100 00000000000000e4 T strcmp
0000000000020200 0000000000000140 T strlen
0000000000020340 000000000000007c T strncat
00000000000203dc 00000000000001b8 T strncmp
00000000000205a0 000000000000009c T strncpy
0000000000020664 00000000000000e0 T strnlen
0000000000020720 00000000000001a4 t _strtoul_l.constprop.0
00000000000208d0 0000000000000044 T _strtoul_r
0000000000020920 0000000000000048 T strtoul
0000000000020968 0000000000000074 t get_arg
00000000000209dc 0000000000003108 T __ssvfscanf_r
0000000000023af0 0000000000000040 T time
0000000000023b30 0000000000000780 t get_arg
00000000000242b0 0000000000003cc8 T _vfprintf_r
0000000000027f78 00000000000000f8 t __sbprintf
0000000000028070 0000000000000118 T __swbuf_r
0000000000028190 00000000000000d8 T _wcrtomb_r
0000000000028270 0000000000000010 T _wcsrtombs_r
0000000000028280 0000000000000140 T __swsetup_r
00000000000283c0 000000000000012c T __call_exitprocs
00000000000284f0 000000000000019c t quorem
0000000000028690 00000000000011a0 T _dtoa_r
0000000000029830 000000000000000c T __env_lock
0000000000029840 000000000000000c T __env_unlock
0000000000029850 00000000000000ac T __sflags
0000000000029900 00000000000004bc T __sfvwrite_r
0000000000029dc0 0000000000000100 T _findenv_r
0000000000029ec0 0000000000000008 T iswspace
0000000000029ed0 0000000000000008 T __localeconv_l
0000000000029ee0 0000000000000028 T _localeconv_r
0000000000029f10 000000000000002c T __locale_mb_cur_max
0000000000029f40 00000000000000f0 T _mbrtowc_r
000000000002a030 00000000000002c8 T __utf8_mbtowc
000000000002a300 00000000000000ac T memmove
000000000002a3b0 000000000000008c T _Balloc
000000000002a440 000000000000001c T _Bfree
000000000002a460 0000000000000108 T __multadd
000000000002a570 0000000000000138 T __s2b
000000000002a6b0 000000000000005c T __hi0bits
000000000002a710 000000000000009c T __lo0bits
000000000002a7b0 000000000000004c T __i2b
000000000002a800 00000000000001e8 T __multiply
000000000002a9f0 0000000000000100 T __pow5mult
000000000002aaf0 0000000000000170 T __lshift
000000000002ac60 0000000000000050 T __mcmp
000000000002acb0 00000000000001b8 T __mdiff
000000000002ae70 0000000000000068 T __ulp
000000000002aee0 0000000000000150 T __b2d
000000000002b030 0000000000000154 T __d2b
000000000002b190 00000000000000a0 T __ratio
000000000002b230 0000000000000068 T __copybits
000000000002b2a0 000000000000006c T __any_on
000000000002b310 000000000000002c T realloc
000000000002b340 000000000000055c T _realloc_r
000000000002b8a0 00000000000000d4 T __sccl
000000000002b980 000000000000000c T nanf
000000000002b990 000000000000007c T frexp
000000000002ba10 00000000000000b0 T sprintf
000000000002bac0 0000000000000098 T stpncpy
000000000002bb60 0000000000001180 T _strtod_l
000000000002cce0 0000000000000054 T _strtod_r
000000000002cd40 0000000000000194 t _strtoll_l.constprop.0
000000000002cee0 0000000000000044 T _strtoll_r
000000000002cf30 0000000000000194 t _strtol_l.part.0
000000000002d0d0 0000000000000070 T _strtol_r
000000000002d140 00000000000001a4 t _strtoull_l.constprop.0
000000000002d2f0 0000000000000044 T _strtoull_r
000000000002d334 00000000000001c0 T __ssprint_r
000000000002d4f4 00000000000000f0 T _sungetc_r
000000000002d5e4 0000000000000070 T __ssrefill_r
000000000002d654 00000000000000e0 T _sfread_r
000000000002d734 0000000000000780 t get_arg
000000000002deb4 0000000000003c08 T _svfprintf_r
0000000000031ac0 00000000000000c8 T __submore
0000000000031b88 0000000000000780 t get_arg
0000000000032308 000000000000003c T __sprint_r
0000000000032344 0000000000002988 T _vfiprintf_r
0000000000034ccc 00000000000000f8 t __sbprintf
0000000000034dd0 00000000000001d8 T _wcsnrtombs_l
0000000000034fb0 0000000000000074 T _wcsnrtombs_r
0000000000035030 00000000000000e4 T __utf8_wctomb
0000000000035120 0000000000000064 T __assert_func
0000000000035190 0000000000000094 T _calloc_r
0000000000035230 0000000000000094 T fiprintf
00000000000352d0 0000000000000114 t rshift
00000000000353f0 00000000000008a0 T __gethex
0000000000035c90 0000000000000048 T __match
0000000000035ce0 0000000000000258 T __hexnan
0000000000035f40 000000000000004c T iswspace_l
0000000000035f90 000000000000023c t __jp2uc
00000000000361d0 00000000000000bc T _jp2uc_l
0000000000036290 000000000000000c T nan
00000000000362a0 0000000000000018 T abort
00000000000362c0 0000000000000080 T category
0000000000036340 00000000000000b4 T _raise_r
0000000000036400 0000000000000024 T raise
0000000000036430 0000000000000008 t null_write
0000000000036440 0000000000000018 T setDefaultDevice
0000000000036460 0000000000000108 T FindDevice
0000000000036570 0000000000000034 T RemoveDevice
00000000000365b0 00000000000000dc T AddDevice
0000000000036690 0000000000000034 T GetDeviceOpTab
00000000000366d0 00000000000000a8 T _close_r
0000000000036780 0000000000000084 T _fstat_r
0000000000036810 0000000000000014 T _getpid_r
0000000000036830 0000000000000024 T _gettimeofday_r
0000000000036860 0000000000000008 T _isatty_r
0000000000036870 0000000000000014 T _kill_r
0000000000036890 0000000000000098 T _lseek_r
0000000000036930 00000000000000e0 T _open_r
0000000000036a10 00000000000000a4 T _read_r
0000000000036ac0 0000000000000078 T _sbrk_r
0000000000036b40 00000000000000a4 T _write_r
0000000000036bf0 0000000000000020 T _exit
0000000000036c10 0000000000000228 T _concatenate_path
0000000000036e40 0000000000000178 T chdir
0000000000036fc0 0000000000000014 T __libc_lock_acquire
0000000000036fe0 0000000000000014 T __libc_lock_release
0000000000037000 000000000000000c T __libc_lock_init_recursive
0000000000037010 0000000000000014 T __libc_lock_acquire_recursive
0000000000037030 0000000000000014 T __libc_lock_release_recursive
0000000000037050 0000000000000004 T __libc_lock_close_recursive
0000000000037060 0000000000000040 T __free_handle
00000000000370a0 0000000000000058 T __release_handle
0000000000037100 00000000000000c0 T __alloc_handle
00000000000371c0 0000000000000020 T __get_handle
00000000000371e0 0000000000000020 T __getreent
0000000000037200 0000000000000150 t __extenddftf2
0000000000037350 0000000000000310 t __trunctfdf2
0000000000037660 0000000000000070 t __sfp_handle_exceptions
00000000000376d0 0000000000000100 T strrchr
00000000000377d0 T _fini
0000000000038000 R __rodata_start
0000000000038068 0000000000000030 r g_vertexData
0000000000038098 0000000000000180 r g_paletteData
0000000000038218 0000000000000008 r g_attribState
0000000000038220 0000000000000008 r g_vtxbufState
0000000000038270 0000000000000090 r (anonymous namespace)::formatTable
0000000000038300 0000000000000014 r CSWTCH.6
0000000000038318 000000000000000c r CSWTCH.6
0000000000038328 000000000000000c r CSWTCH.7
0000000000038338 0000000000000a28 R maxwell::formatTraits
0000000000038d90 000000000000000c r CSWTCH.43
0000000000038da0 0000000000000004 r dkCmdBufBindRasterizerState::frontFaces
0000000000038da8 0000000000000008 r dkCmdBufBindRasterizerState::polygonModes
0000000000038db0 0000000000000006 r dkCmdBufBindRasterizerState::cullModes
0000000000038dd0 000000000000000c r CSWTCH.12
0000000000038de0 000000000000000b r dkImageDescriptorInitialize::dkTypeToMaxwell
0000000000038df0 0000000000000010 r (anonymous namespace)::anisoTable
0000000000038e00 0000000000000080 r (anonymous namespace)::lodSnapTable
0000000000038eb0 0000000000000014 r CSWTCH.552
0000000000039028 0000000000000020 r error_table
0000000000039048 R default_font_bin
000000000003b048 R default_font_bin_end
000000000003b048 R default_font_bin_size
000000000003b050 0000000000000023 r g_bq_InterfaceDescriptor
000000000003b0a8 0000000000000148 R __exp2f_data
000000000003b1f0 0000000000000128 R __powf_log2_data
000000000003b318 0000000000000101 R _ctype_
000000000003b508 0000000000000022 r basefix.0
000000000003b6c0 0000000000000010 r blanks.1
000000000003b6d0 0000000000000010 r zeroes.0
000000000003b810 0000000000000028 R __mprec_bigtens
000000000003b838 00000000000000c8 R __mprec_tens
000000000003b900 000000000000000c r p05.0
000000000003b940 0000000000000014 r fpi.1
000000000003b958 0000000000000014 r fpinan.0
000000000003b970 0000000000000028 r tinytens
000000000003b998 000000000000006c R __action_table
000000000003ba08 0000000000000100 R __chclass
000000000003bb08 000000000000006c R __state_table
000000000003bcc0 0000000000000010 r blanks.1
000000000003bcd0 0000000000000010 r zeroes.0
000000000003be30 0000000000000010 r blanks.1
000000000003be40 0000000000000010 r zeroes.0
000000000003bed8 0000000000000100 R __hexdig
000000000003bff0 00000000000000bc r a1
000000000003c0b0 00000000000000bc r a2
000000000003c170 000000000000005b r a3
000000000003c1d0 0000000000000070 r a6
000000000003c240 00000000000000a2 r a7
000000000003c2e8 0000000000000040 r a8
000000000003c328 000000000000172a r b02cf
000000000003da58 0000000000001a7c r d02f4
000000000003f4d8 00000000000031e6 r categories
00000000000426c0 r __EH_FRAME_BEGIN__
00000000000426c0 R __eh_frame_hdr_end
00000000000426c0 R __eh_frame_hdr_start
000000000004a7b4 r __FRAME_END__
000000000004a7b8 a _DYNAMIC
000000000004e000 R __data_start
000000000004e000 t __frame_dummy_init_array_entry
000000000004e000 T __init_array_start
000000000004e000 B __preinit_array_end
000000000004e000 B __preinit_array_start
000000000004e000 D __tdata_lma
000000000004e000 D __tdata_lma_end
000000000004e008 t __do_global_dtors_aux_fini_array_entry
000000000004e008 T __fini_array_start
000000000004e008 T __init_array_end
000000000004e010 a _GLOBAL_OFFSET_TABLE_
000000000004e010 T __fini_array_end
000000000004e010 T __got_start__
000000000004e2d0 D __got_end__
000000000004e2d0 0000000000000350 d s_gpuRenderer
000000000004e620 0000000000000004 V __nx_nv_transfermem_size
000000000004e624 0000000000000001 V __nx_applet_auto_notifyrunning
000000000004e628 0000000000000004 V __nx_applet_type
000000000004e62c 0000000000000004 d g_ctrl_fd
000000000004e630 0000000000000004 d g_ctrlgpu_fd
000000000004e634 0000000000000004 d g_nvmap_fd
000000000004e638 00000000000000e0 d romFS_devoptab
000000000004e718 0000000000000058 d defaultConsole
000000000004e770 0000000000000008 d currentConsole
000000000004e778 00000000000000e0 d dotab_stdout
000000000004e858 0000000000000004 V __nx_fsdev_direntry_cache_size
000000000004e85c 0000000000000001 V __nx_fsdev_support_cwd
000000000004e860 00000000000000e0 d fsdev_devoptab
000000000004e940 0000000000000004 V __nx_vi_stray_layer_flags
000000000004e944 0000000000000004 d g_viServiceType
000000000004e948 0000000000000004 V __nx_fs_num_sessions
000000000004e950 0000000000000008 V __nx_exception_stack_size
000000000004e958 0000000000000008 D _impure_ptr
000000000004e960 0000000000000768 d impure_data
000000000004f0c8 0000000000000008 D _global_impure_ptr
000000000004f0d0 0000000000000008 D __malloc_sbrk_base
000000000004f0d8 0000000000000008 D __malloc_trim_threshold
000000000004f0e0 0000000000000810 D __malloc_av_
000000000004f8f0 0000000000000008 D environ
000000000004f8f8 00000000000001a8 D __global_locale
000000000004faa0 0000000000000002 d numempty
000000000004faa8 0000000000000018 D _C_numeric_locale
000000000004fac0 0000000000000004 d defaultDevice
000000000004fac8 0000000000000080 D devoptab_list
000000000004fb48 00000000000000e0 D dotab_stdnull
000000000004fc28 0000000000000400 d _current_working_directory
0000000000050028 0000000000000010 d __stderr_handle
0000000000050038 0000000000000010 d __stdin_handle
0000000000050048 0000000000000010 d __stdout_handle
0000000000050058 0000000000002000 d handles
0000000000052058 D __TMC_END__
0000000000052058 D __bss_start__
0000000000052058 b completed.1
0000000000052060 b object.0
0000000000052090 0000000000000004 b (anonymous namespace)::programId
0000000000052098 0000000000000050 b g_controllerDown
00000000000520e8 00000000000001e0 b g_controllerEntries
00000000000522c8 0000000000000190 b g_controllerHeaders
0000000000052458 0000000000000050 b g_controllerHeld
00000000000524a8 0000000000000028 b g_controllerLayout
00000000000524d0 0000000000000500 b g_controllerMisc
00000000000529d0 0000000000000050 b g_controllerOld
0000000000052a20 0000000000000004 b g_controllerP1AutoID
0000000000052a28 0000000000000050 b g_controllerTimestamps
0000000000052a78 0000000000000050 b g_controllerUp
0000000000052ac8 0000000000000008 b g_hidGuard
0000000000052ad0 0000000000000010 b g_hidIActiveVibrationDeviceList
0000000000052ae0 0000000000000010 b g_hidIAppletResource
0000000000052af0 0000000000000020 b g_hidLock
0000000000052b10 0000000000000020 b g_hidSharedmem
0000000000052b30 0000000000000010 b g_hidSrv
0000000000052b40 0000000000000020 b g_keyboardDown
0000000000052b60 0000000000000038 b g_keyboardEntry
0000000000052b98 0000000000000020 b g_keyboardHeld
0000000000052bb8 0000000000000008 b g_keyboardModDown
0000000000052bc0 0000000000000008 b g_keyboardModHeld
0000000000052bc8 0000000000000008 b g_keyboardModOld
0000000000052bd0 0000000000000008 b g_keyboardModUp
0000000000052bd8 0000000000000020 b g_keyboardOld
0000000000052bf8 0000000000000008 b g_keyboardTimestamp
0000000000052c00 0000000000000020 b g_keyboardUp
0000000000052c20 0000000000000400 b g_mouse
0000000000053020 0000000000000008 b g_mouseDown
0000000000053028 0000000000000008 b g_mouseEntry
0000000000053030 0000000000000008 b g_mouseHeld
0000000000053038 0000000000000008 b g_mouseOld
0000000000053040 0000000000000008 b g_mouseTimestamp
0000000000053048 0000000000000008 b g_mouseUp
0000000000053050 0000000000000008 b g_sevenSixAxisSensorBuffer
0000000000053058 0000000000000028 b g_sevenSixAxisSensorTmem0
0000000000053080 0000000000000028 b g_sevenSixAxisSensorTmem1
00000000000530a8 000000000000000a b g_sixaxisEnabled
00000000000530b8 0000000000004650 b g_sixaxisLayouts
0000000000057708 0000000000000298 b g_touchEntry
00000000000579a0 0000000000000008 b g_touchTimestamp
00000000000579a8 0000000000000008 b g_smGuard
00000000000579b0 0000000000000180 b g_smOverrides
0000000000057b30 0000000000000008 b g_smOverridesNum
0000000000057b38 0000000000000010 b g_smSrv
0000000000057b48 0000000000000008 b g_nvGuard
0000000000057b50 0000000000000010 b g_nvSrv
0000000000057b60 0000000000000010 b g_nvSrvClone
0000000000057b70 0000000000000028 b g_nvTransfermem
0000000000057b98 0000000000000080 V __nx_applet_AppletAttribute
0000000000057c18 0000000000000008 V __nx_applet_PerformanceConfiguration
0000000000057c20 0000000000000004 V __nx_applet_exit_mode
0000000000057c24 0000000000000001 b g_appletCopyrightInitialized
0000000000057c28 0000000000000028 b g_appletCopyrightTmem
0000000000057c50 0000000000000004 b g_appletCpuBoostMode
0000000000057c54 0000000000000001 b g_appletExitProcessFlag
0000000000057c58 0000000000000004 b g_appletExitProcessResult
0000000000057c60 0000000000000018 b g_appletFirstHook
0000000000057c78 0000000000000001 b g_appletFocusState
0000000000057c80 0000000000000008 b g_appletGuard
0000000000057c88 0000000000000010 b g_appletIAppletCommonFunctions
0000000000057c98 0000000000000010 b g_appletIApplicationCreator
0000000000057ca8 0000000000000010 b g_appletIAudioController
0000000000057cb8 0000000000000010 b g_appletICommonStateGetter
0000000000057cc8 0000000000000010 b g_appletIDebugFunctions
0000000000057cd8 0000000000000010 b g_appletIDisplayController
0000000000057ce8 0000000000000010 b g_appletIFunctions
0000000000057cf8 0000000000000010 b g_appletIGlobalStateController
0000000000057d08 0000000000000010 b g_appletILibraryAppletCreator
0000000000057d18 0000000000000010 b g_appletILibraryAppletSelfAccessor
0000000000057d28 0000000000000010 b g_appletIProcessWindingController
0000000000057d38 0000000000000010 b g_appletISelfController
0000000000057d48 0000000000000010 b g_appletIWindowController
0000000000057d58 0000000000000050 b g_appletInfo
0000000000057da8 0000000000000001 b g_appletInfoInitialized
0000000000057db0 0000000000000008 b g_appletInitTickBase
0000000000057db8 0000000000000001 b g_appletLeftInitialized
0000000000057dc0 000000000000000c b g_appletLibraryAppletLaunchableEvent
0000000000057dd0 000000000000000c b g_appletMessageEvent
0000000000057ddc 0000000000000001 b g_appletNotifiedRunning
0000000000057ddd 0000000000000001 b g_appletOperationMode
0000000000057de0 0000000000000004 b g_appletPerformanceMode
0000000000057de8 0000000000000010 b g_appletProxySession
0000000000057df8 0000000000000004 b g_appletRecordingInitialized
0000000000057e00 0000000000000028 b g_appletRecordingTmem
0000000000057e28 0000000000000008 b g_appletResourceUserId
0000000000057e30 0000000000000010 b g_appletSrv
0000000000057e40 0000000000000008 b g_appletSuspendedTick
0000000000057e48 000000000000000c b g_appletSuspendedTickEvent
0000000000057e54 0000000000000001 b g_appletSuspendedTickInitialized
0000000000057e58 0000000000000008 b g_NvEventUsedMask
0000000000057e60 0000000000000300 b g_NvEvents
0000000000058160 0000000000000008 b g_nvFenceGuard
0000000000058168 00000000000000a0 b g_gpu_characteristics
0000000000058208 0000000000000008 b g_nvGpuGuard
0000000000058210 0000000000000004 b g_tpc_masks
0000000000058214 0000000000000004 b g_zcull_ctx_size
0000000000058218 0000000000000028 b g_zcull_info
0000000000058240 0000000000000008 b g_nvMapGuard
0000000000058248 0000000000000080 b g_defaultWin
00000000000582c8 0000000000000050 b g_viDisplay
0000000000058318 0000000000000010 b g_viLayer
0000000000058328 0000000000000004 b g_hosVersion
000000000005832c 0000000000000001 b g_hasRandomSeed
000000000005832d 0000000000000001 b g_isNso
0000000000058330 0000000000000004 b g_lastLoadResult
0000000000058338 0000000000000008 b g_loaderInfo
0000000000058340 0000000000000008 b g_loaderInfoSize
0000000000058348 0000000000000008 b g_loaderRetAddr
0000000000058350 0000000000000004 b g_mainThreadHandle
0000000000058358 0000000000000008 b g_nextLoadArgv
0000000000058360 0000000000000008 b g_nextLoadPath
0000000000058368 0000000000000008 b g_overrideArgv
0000000000058370 0000000000000008 b g_overrideHeapAddr
0000000000058378 0000000000000008 b g_overrideHeapSize
0000000000058380 0000000000000004 b g_processHandle
0000000000058388 0000000000000010 b g_randomSeed
0000000000058398 0000000000000010 b g_syscallHints
00000000000583a8 0000000000000008 b g_userIdStorage
00000000000583b0 0000000000000008 V __romfs_path
00000000000583b8 0000000000000001 b romfs_initialised
00000000000583c0 0000000000003700 b romfs_mounts
000000000005bac0 0000000000000058 b currentCopy
000000000005bb18 0000000000000001 b didFirstConsoleInit.0
000000000005bb1c 0000000000000004 b fsdev_fsdevice_cwd
000000000005bb20 0000000000002400 b fsdev_fsdevices
000000000005df20 0000000000000001 b fsdev_initialised
000000000005df24 0000000000000004 b g_Version
000000000005df28 0000000000000001 b g_VersionCached
000000000005df2c 0000000000000004 b g_VersionMutex
000000000005df30 0000000000000010 b g_AddressSpace
000000000005df40 0000000000000008 b g_CurrentAddr
000000000005df48 0000000000000030 b g_Region
000000000005df78 0000000000000004 b g_VirtMemMutex
000000000005df7c 0000000000000004 V __nx_time_service_type
000000000005df80 0000000000000008 b g_timeGuard
000000000005df88 0000000000000010 b g_timeLocalSystemClock
000000000005df98 0000000000000010 b g_timeNetworkSystemClock
000000000005dfa8 0000000000000020 b g_timeSharedmem
000000000005dfc8 0000000000000010 b g_timeSrv
000000000005dfd8 0000000000000010 b g_timeSteadyClock
000000000005dfe8 0000000000000010 b g_timeTimeZoneService
000000000005dff8 0000000000000010 b g_timeUserSystemClock
000000000005e008 0000000000000008 V __nx_vi_layer_id
000000000005e010 0000000000000008 b g_viGuard
000000000005e018 0000000000000010 b g_viIApplicationDisplayService
000000000005e028 0000000000000010 b g_viIHOSBinderDriverIndirect
000000000005e038 0000000000000010 b g_viIHOSBinderDriverRelay
000000000005e048 0000000000000010 b g_viIManagerDisplayService
000000000005e058 0000000000000010 b g_viISystemDisplayService
000000000005e068 0000000000000008 b g_apmGuard
000000000005e070 0000000000000010 b g_apmISession
000000000005e080 0000000000000010 b g_apmSrv
000000000005e090 0000000000000008 b g_fsGuard
000000000005e098 0000000000000054 b g_fsSessionMgr
000000000005e0f0 0000000000000010 b g_fsSrv
000000000005e100 0000000000000004 V __nx_exception_ignoredebug
000000000005e110 0000000000000400 V __nx_exception_stack
000000000005e510 0000000000000340 B __nx_exceptiondump
000000000005e850 0000000000000008 V __nx_heap_size
000000000005e858 0000000000000008 B __stack_top
000000000005e860 0000000000000008 b __bootticks
000000000005e868 0000000000000008 b __boottime
000000000005e870 0000000000000004 V __nx_time_type
000000000005e874 0000000000000004 B __system_argc
000000000005e878 0000000000000008 B __system_argv
000000000005e880 0000000000000008 b g_argv_empty
000000000005e888 0000000000000038 b g_mainThread
000000000005e8c0 0000000000000008 b g_threadList
000000000005e8c8 0000000000000004 b g_threadMutex
000000000005e8d0 0000000000000008 b g_setsysGuard
000000000005e8d8 0000000000000010 b g_setsysSrv
000000000005e8e8 0000000000000004 B __nxlink_host
000000000005e8f0 000000000000000c b __sfp_recursive_mutex
000000000005e900 000000000000000c b __sinit_recursive_mutex
000000000005e910 0000000000000028 B __malloc_current_mallinfo
000000000005e938 0000000000000008 B __malloc_max_sbrked_mem
000000000005e940 0000000000000008 B __malloc_max_total_mem
000000000005e948 0000000000000008 B __malloc_top_pad
000000000005e950 000000000000000c b __malloc_recursive_mutex
000000000005e95c 0000000000000004 b alloced.0
000000000005e960 000000000000000c B __atexit_recursive_mutex
000000000005e970 0000000000000008 b initial_env
000000000005e978 000000000000000c b __env_recursive_mutex
000000000005e988 0000000000000008 b heap_start.0
000000000005e990 0000000000000008 B fake_heap_end
000000000005e998 0000000000000008 B fake_heap_start
000000000005e9a0 0000000000000400 b temp_cwd
000000000005eda0 0000000000000004 b __hndl_lock
000000000005eda8 B __tls_start
000000000005f1b8 B __bss_end__
000000000005f1b8 A __end__
000000000005f1b8 B __tls_end
0000000000060000 A __argdata__
